<?xml version="1.0" encoding="UTF-8"?>
<!-- Generated by org.testng.reporters.JUnitXMLReporter -->
<testsuite hostname="LAPTOP-64PRVEFL" ignored="0" name="HubSpot Feature Testing - login - firefox" tests="5" failures="0" timestamp="01 Jan 2021 18:52:37 GMT" time="26.549" errors="0">
  <testcase name="loginWithData" time="2.781" classname="com.qa.dontknow.test.UsingDataFromExcelTest"/>
  <testcase name="loginWithData" time="2.744" classname="com.qa.dontknow.test.UsingDataFromExcelTest"/>
  <testcase name="loginWithData" time="3.134" classname="com.qa.dontknow.test.UsingDataFromExcelTest"/>
  <testcase name="loginWithData" time="2.679" classname="com.qa.dontknow.test.UsingDataFromExcelTest"/>
  <testcase name="loginWithData" time="2.858" classname="com.qa.dontknow.test.UsingDataFromExcelTest"/>
</testsuite> <!-- HubSpot Feature Testing - login - firefox -->
