<?xml version="1.0" encoding="UTF-8"?>
<!-- Generated by org.testng.reporters.JUnitXMLReporter -->
<testsuite hostname="LAPTOP-64PRVEFL" ignored="0" name="HubSpot Feature Testing - login - chrome" tests="5" failures="0" timestamp="01 Jan 2021 18:52:36 GMT" time="25.916" errors="0">
  <testcase name="loginWithData" time="3.992" classname="com.qa.dontknow.test.UsingDataFromExcelTest"/>
  <testcase name="loginWithData" time="3.288" classname="com.qa.dontknow.test.UsingDataFromExcelTest"/>
  <testcase name="loginWithData" time="4.053" classname="com.qa.dontknow.test.UsingDataFromExcelTest"/>
  <testcase name="loginWithData" time="2.791" classname="com.qa.dontknow.test.UsingDataFromExcelTest"/>
  <testcase name="loginWithData" time="2.965" classname="com.qa.dontknow.test.UsingDataFromExcelTest"/>
</testsuite> <!-- HubSpot Feature Testing - login - chrome -->
