<?xml version="1.0" encoding="UTF-8"?>
<!-- Generated by org.testng.reporters.JUnitXMLReporter -->
<testsuite hostname="LAPTOP-64PRVEFL" ignored="0" name="HubSpot Feature Testing - login" tests="5" failures="0" timestamp="28 Dec 2020 14:58:53 GMT" time="24.472" errors="0">
  <testcase name="loginWithData" time="2.786" classname="com.qa.dontknow.test.UsingDataFromExcelTest"/>
  <testcase name="loginWithData" time="2.682" classname="com.qa.dontknow.test.UsingDataFromExcelTest"/>
  <testcase name="loginWithData" time="2.69" classname="com.qa.dontknow.test.UsingDataFromExcelTest"/>
  <testcase name="loginWithData" time="2.766" classname="com.qa.dontknow.test.UsingDataFromExcelTest"/>
  <testcase name="loginWithData" time="2.922" classname="com.qa.dontknow.test.UsingDataFromExcelTest"/>
</testsuite> <!-- HubSpot Feature Testing - login -->
