<?xml version="1.0" encoding="UTF-8"?>
<!-- Generated by org.testng.reporters.JUnitXMLReporter -->
<testsuite hostname="LAPTOP-64PRVEFL" ignored="0" name="HubSpot Feature Testing - login - chrome" tests="5" failures="0" timestamp="03 Jan 2021 11:06:05 GMT" time="27.67" errors="0">
  <testcase name="loginWithData" time="3.723" classname="com.qa.dontknow.test.UsingDataFromExcelTest"/>
  <testcase name="loginWithData" time="4.402" classname="com.qa.dontknow.test.UsingDataFromExcelTest"/>
  <testcase name="loginWithData" time="2.795" classname="com.qa.dontknow.test.UsingDataFromExcelTest"/>
  <testcase name="loginWithData" time="2.942" classname="com.qa.dontknow.test.UsingDataFromExcelTest"/>
  <testcase name="loginWithData" time="2.689" classname="com.qa.dontknow.test.UsingDataFromExcelTest"/>
</testsuite> <!-- HubSpot Feature Testing - login - chrome -->
