<?xml version="1.0" encoding="UTF-8"?>
<!-- Generated by org.testng.reporters.JUnitXMLReporter -->
<testsuite hostname="LAPTOP-64PRVEFL" ignored="0" name="HubSpot Feature Testing - login - firefox" tests="5" failures="0" timestamp="03 Jan 2021 11:06:10 GMT" time="32.715" errors="0">
  <testcase name="loginWithData" time="4.2" classname="com.qa.dontknow.test.UsingDataFromExcelTest"/>
  <testcase name="loginWithData" time="2.722" classname="com.qa.dontknow.test.UsingDataFromExcelTest"/>
  <testcase name="loginWithData" time="2.812" classname="com.qa.dontknow.test.UsingDataFromExcelTest"/>
  <testcase name="loginWithData" time="2.638" classname="com.qa.dontknow.test.UsingDataFromExcelTest"/>
  <testcase name="loginWithData" time="2.794" classname="com.qa.dontknow.test.UsingDataFromExcelTest"/>
</testsuite> <!-- HubSpot Feature Testing - login - firefox -->
