<?xml version="1.0" encoding="UTF-8"?>
<testng-results skipped="0" failed="0" ignored="0" total="10" passed="10">
  <reporter-output>
  </reporter-output>
  <suite name="Hub spot Test automtion regression suite" duration-ms="32715" started-at="2021-01-03T11:05:37Z" finished-at="2021-01-03T11:06:10Z">
    <groups>
    </groups>
    <test name="HubSpot Feature Testing - login - chrome" duration-ms="27670" started-at="2021-01-03T11:05:37Z" finished-at="2021-01-03T11:06:05Z">
      <class name="com.qa.dontknow.test.UsingDataFromExcelTest">
        <test-method status="PASS" signature="setUp(java.lang.String)[pri:0, instance:com.qa.dontknow.test.UsingDataFromExcelTest@78dc4696]" name="setUp" is-config="true" duration-ms="6156" started-at="2021-01-03T11:05:37Z" finished-at="2021-01-03T11:05:43Z">
          <params>
            <param index="0">
              <value>
                <![CDATA[chrome]]>
              </value>
            </param>
          </params>
          <reporter-output>
          </reporter-output>
        </test-method> <!-- setUp -->
        <test-method status="PASS" signature="loginWithData(java.lang.String, java.lang.String)[pri:0, instance:com.qa.dontknow.test.UsingDataFromExcelTest@78dc4696]" name="loginWithData" duration-ms="3723" started-at="2021-01-03T11:05:48Z" data-provider="contactsTestData" finished-at="2021-01-03T11:05:52Z">
          <params>
            <param index="0">
              <value>
                <![CDATA[Testcontact111]]>
              </value>
            </param>
            <param index="1">
              <value>
                <![CDATA[POM1]]>
              </value>
            </param>
          </params>
          <reporter-output>
          </reporter-output>
        </test-method> <!-- loginWithData -->
        <test-method status="PASS" signature="loginWithData(java.lang.String, java.lang.String)[pri:0, instance:com.qa.dontknow.test.UsingDataFromExcelTest@78dc4696]" name="loginWithData" duration-ms="4402" started-at="2021-01-03T11:05:52Z" data-provider="contactsTestData" finished-at="2021-01-03T11:05:56Z">
          <params>
            <param index="0">
              <value>
                <![CDATA[Testcontact222]]>
              </value>
            </param>
            <param index="1">
              <value>
                <![CDATA[POM2]]>
              </value>
            </param>
          </params>
          <reporter-output>
          </reporter-output>
        </test-method> <!-- loginWithData -->
        <test-method status="PASS" signature="loginWithData(java.lang.String, java.lang.String)[pri:0, instance:com.qa.dontknow.test.UsingDataFromExcelTest@78dc4696]" name="loginWithData" duration-ms="2795" started-at="2021-01-03T11:05:56Z" data-provider="contactsTestData" finished-at="2021-01-03T11:05:59Z">
          <params>
            <param index="0">
              <value>
                <![CDATA[Testcontact333]]>
              </value>
            </param>
            <param index="1">
              <value>
                <![CDATA[POM3]]>
              </value>
            </param>
          </params>
          <reporter-output>
          </reporter-output>
        </test-method> <!-- loginWithData -->
        <test-method status="PASS" signature="loginWithData(java.lang.String, java.lang.String)[pri:0, instance:com.qa.dontknow.test.UsingDataFromExcelTest@78dc4696]" name="loginWithData" duration-ms="2942" started-at="2021-01-03T11:05:59Z" data-provider="contactsTestData" finished-at="2021-01-03T11:06:02Z">
          <params>
            <param index="0">
              <value>
                <![CDATA[Testcontact7462387458]]>
              </value>
            </param>
            <param index="1">
              <value>
                <![CDATA[POM4]]>
              </value>
            </param>
          </params>
          <reporter-output>
          </reporter-output>
        </test-method> <!-- loginWithData -->
        <test-method status="PASS" signature="loginWithData(java.lang.String, java.lang.String)[pri:0, instance:com.qa.dontknow.test.UsingDataFromExcelTest@78dc4696]" name="loginWithData" duration-ms="2689" started-at="2021-01-03T11:06:02Z" data-provider="contactsTestData" finished-at="2021-01-03T11:06:05Z">
          <params>
            <param index="0">
              <value>
                <![CDATA[Testcontact555]]>
              </value>
            </param>
            <param index="1">
              <value>
                <![CDATA[POM5]]>
              </value>
            </param>
          </params>
          <reporter-output>
          </reporter-output>
        </test-method> <!-- loginWithData -->
        <test-method status="PASS" signature="tearDown()[pri:0, instance:com.qa.dontknow.test.UsingDataFromExcelTest@78dc4696]" name="tearDown" is-config="true" duration-ms="69" started-at="2021-01-03T11:06:05Z" finished-at="2021-01-03T11:06:05Z">
          <reporter-output>
          </reporter-output>
        </test-method> <!-- tearDown -->
      </class> <!-- com.qa.dontknow.test.UsingDataFromExcelTest -->
    </test> <!-- HubSpot Feature Testing - login - chrome -->
    <test name="HubSpot Feature Testing - login - firefox" duration-ms="32715" started-at="2021-01-03T11:05:37Z" finished-at="2021-01-03T11:06:10Z">
      <class name="com.qa.dontknow.test.UsingDataFromExcelTest">
        <test-method status="PASS" signature="setUp(java.lang.String)[pri:0, instance:com.qa.dontknow.test.UsingDataFromExcelTest@73aff8f1]" name="setUp" is-config="true" duration-ms="16132" started-at="2021-01-03T11:05:37Z" finished-at="2021-01-03T11:05:53Z">
          <params>
            <param index="0">
              <value>
                <![CDATA[firefox]]>
              </value>
            </param>
          </params>
          <reporter-output>
          </reporter-output>
        </test-method> <!-- setUp -->
        <test-method status="PASS" signature="loginWithData(java.lang.String, java.lang.String)[pri:0, instance:com.qa.dontknow.test.UsingDataFromExcelTest@73aff8f1]" name="loginWithData" duration-ms="4200" started-at="2021-01-03T11:05:54Z" data-provider="contactsTestData" finished-at="2021-01-03T11:05:58Z">
          <params>
            <param index="0">
              <value>
                <![CDATA[Testcontact111]]>
              </value>
            </param>
            <param index="1">
              <value>
                <![CDATA[POM1]]>
              </value>
            </param>
          </params>
          <reporter-output>
          </reporter-output>
        </test-method> <!-- loginWithData -->
        <test-method status="PASS" signature="loginWithData(java.lang.String, java.lang.String)[pri:0, instance:com.qa.dontknow.test.UsingDataFromExcelTest@73aff8f1]" name="loginWithData" duration-ms="2722" started-at="2021-01-03T11:05:58Z" data-provider="contactsTestData" finished-at="2021-01-03T11:06:00Z">
          <params>
            <param index="0">
              <value>
                <![CDATA[Testcontact222]]>
              </value>
            </param>
            <param index="1">
              <value>
                <![CDATA[POM2]]>
              </value>
            </param>
          </params>
          <reporter-output>
          </reporter-output>
        </test-method> <!-- loginWithData -->
        <test-method status="PASS" signature="loginWithData(java.lang.String, java.lang.String)[pri:0, instance:com.qa.dontknow.test.UsingDataFromExcelTest@73aff8f1]" name="loginWithData" duration-ms="2812" started-at="2021-01-03T11:06:00Z" data-provider="contactsTestData" finished-at="2021-01-03T11:06:03Z">
          <params>
            <param index="0">
              <value>
                <![CDATA[Testcontact333]]>
              </value>
            </param>
            <param index="1">
              <value>
                <![CDATA[POM3]]>
              </value>
            </param>
          </params>
          <reporter-output>
          </reporter-output>
        </test-method> <!-- loginWithData -->
        <test-method status="PASS" signature="loginWithData(java.lang.String, java.lang.String)[pri:0, instance:com.qa.dontknow.test.UsingDataFromExcelTest@73aff8f1]" name="loginWithData" duration-ms="2638" started-at="2021-01-03T11:06:03Z" data-provider="contactsTestData" finished-at="2021-01-03T11:06:06Z">
          <params>
            <param index="0">
              <value>
                <![CDATA[Testcontact7462387458]]>
              </value>
            </param>
            <param index="1">
              <value>
                <![CDATA[POM4]]>
              </value>
            </param>
          </params>
          <reporter-output>
          </reporter-output>
        </test-method> <!-- loginWithData -->
        <test-method status="PASS" signature="loginWithData(java.lang.String, java.lang.String)[pri:0, instance:com.qa.dontknow.test.UsingDataFromExcelTest@73aff8f1]" name="loginWithData" duration-ms="2794" started-at="2021-01-03T11:06:06Z" data-provider="contactsTestData" finished-at="2021-01-03T11:06:09Z">
          <params>
            <param index="0">
              <value>
                <![CDATA[Testcontact555]]>
              </value>
            </param>
            <param index="1">
              <value>
                <![CDATA[POM5]]>
              </value>
            </param>
          </params>
          <reporter-output>
          </reporter-output>
        </test-method> <!-- loginWithData -->
        <test-method status="PASS" signature="tearDown()[pri:0, instance:com.qa.dontknow.test.UsingDataFromExcelTest@73aff8f1]" name="tearDown" is-config="true" duration-ms="1171" started-at="2021-01-03T11:06:09Z" finished-at="2021-01-03T11:06:10Z">
          <reporter-output>
          </reporter-output>
        </test-method> <!-- tearDown -->
      </class> <!-- com.qa.dontknow.test.UsingDataFromExcelTest -->
    </test> <!-- HubSpot Feature Testing - login - firefox -->
  </suite> <!-- Hub spot Test automtion regression suite -->
</testng-results>
